

Started GET "/" for 127.0.0.1 at Fri Feb 17 10:40:04 +0000 2012
  Processing by FacebookController#index as HTML
Redirected to http://localhost:3456/facebook/login
Completed 302 Found in 1ms


Started GET "/facebook/login" for 127.0.0.1 at Fri Feb 17 10:40:04 +0000 2012
  Processing by FacebookController#login as HTML
Rendered facebook/login.html.haml within layouts/application (6.5ms)
Completed 200 OK in 42ms (Views: 41.6ms)


Started GET "/" for 127.0.0.1 at Fri Feb 17 10:48:36 +0000 2012
  Processing by FacebookController#index as HTML
Redirected to http://localhost:3456/facebook/login
Completed 302 Found in 1ms


Started GET "/facebook/login" for 127.0.0.1 at Fri Feb 17 10:48:36 +0000 2012
  Processing by FacebookController#login as HTML
Rendered facebook/login.html.haml within layouts/application (4.7ms)
Completed 200 OK in 21ms (Views: 20.8ms)


Started GET "/facebook/login" for 127.0.0.1 at Fri Feb 17 10:50:29 +0000 2012
  Processing by FacebookController#login as HTML
Rendered facebook/login.html.haml within layouts/application (4.3ms)
Completed 200 OK in 9ms (Views: 8.5ms)


Started GET "/facebook/login" for 127.0.0.1 at Fri Feb 17 10:50:54 +0000 2012
  Processing by FacebookController#login as HTML
Rendered facebook/login.html.haml within layouts/application (4.6ms)
Completed 200 OK in 9ms (Views: 8.3ms)


Started GET "/facebook/login" for 127.0.0.1 at Fri Feb 17 10:50:55 +0000 2012
  Processing by FacebookController#login as HTML
Rendered facebook/login.html.haml within layouts/application (53.3ms)
Completed 200 OK in 57ms (Views: 56.9ms)


Started GET "/facebook/login" for 127.0.0.1 at Fri Feb 17 10:56:19 +0000 2012
  Processing by FacebookController#login as HTML
Rendered facebook/login.html.haml within layouts/application (4.4ms)
Completed 200 OK in 8ms (Views: 8.0ms)


Started GET "/facebook/login" for 127.0.0.1 at Fri Feb 17 11:12:44 +0000 2012
  Processing by FacebookController#login as HTML
Rendered facebook/login.html.haml within layouts/application (4.9ms)
Completed 200 OK in 9ms (Views: 9.0ms)


Started GET "/facebook/login" for 127.0.0.1 at Fri Feb 17 11:17:01 +0000 2012
  Processing by FacebookController#login as HTML
Rendered facebook/login.html.haml within layouts/application (4.3ms)
Completed 200 OK in 8ms (Views: 7.9ms)


Started GET "/facebook/login" for 127.0.0.1 at Fri Feb 17 11:17:03 +0000 2012
  Processing by FacebookController#login as HTML
Rendered facebook/login.html.haml within layouts/application (4.3ms)
Completed 200 OK in 8ms (Views: 7.8ms)


Started GET "/facebook/login" for 127.0.0.1 at Fri Feb 17 11:17:16 +0000 2012
  Processing by FacebookController#login as HTML
Rendered facebook/login.html.haml within layouts/application (4.9ms)
Completed 200 OK in 9ms (Views: 8.6ms)


Started GET "/facebook/login" for 127.0.0.1 at Fri Feb 17 11:17:25 +0000 2012
  Processing by FacebookController#login as HTML
Rendered facebook/login.html.haml within layouts/application (58.2ms)
Completed 200 OK in 62ms (Views: 61.8ms)


Started GET "/facebook/login" for 127.0.0.1 at Fri Feb 17 11:21:49 +0000 2012
  Processing by FacebookController#login as HTML
Rendered facebook/login.html.haml within layouts/application (4.2ms)
Completed 200 OK in 8ms (Views: 8.2ms)


Started GET "/facebook/login" for 127.0.0.1 at Fri Feb 17 11:24:23 +0000 2012
  Processing by FacebookController#login as HTML
Rendered facebook/login.html.haml within layouts/application (0.4ms)
Completed   in 4ms

ActionView::Template::Error (Illegal nesting: content can't be both given on the same line as %p and nested within it.):
    1: %h2 Please Login
    2: %p Please log into Facebook in order to get started!
    3:  facebook_login_button 
  app/views/facebook/login.html.haml:3

Rendered /Users/davidpereira/.rvm/gems/ree-1.8.7-2011.03@wf/gems/actionpack-3.0.3/lib/action_dispatch/middleware/templates/rescues/_trace.erb (1.5ms)
Rendered /Users/davidpereira/.rvm/gems/ree-1.8.7-2011.03@wf/gems/actionpack-3.0.3/lib/action_dispatch/middleware/templates/rescues/_request_and_response.erb (6.0ms)
Rendered /Users/davidpereira/.rvm/gems/ree-1.8.7-2011.03@wf/gems/actionpack-3.0.3/lib/action_dispatch/middleware/templates/rescues/template_error.erb within rescues/layout (15.4ms)


Started GET "/facebook/login" for 127.0.0.1 at Fri Feb 17 11:24:30 +0000 2012
  Processing by FacebookController#login as HTML
Rendered facebook/login.html.haml within layouts/application (0.5ms)
Completed   in 4ms

ActionView::Template::Error (Illegal nesting: content can't be both given on the same line as %p and nested within it.):
    1: %h2 Please Login
    2: %p Please log into Facebook in order to get started!
    3:  - facebook_login_button 
  app/views/facebook/login.html.haml:3

Rendered /Users/davidpereira/.rvm/gems/ree-1.8.7-2011.03@wf/gems/actionpack-3.0.3/lib/action_dispatch/middleware/templates/rescues/_trace.erb (0.7ms)
Rendered /Users/davidpereira/.rvm/gems/ree-1.8.7-2011.03@wf/gems/actionpack-3.0.3/lib/action_dispatch/middleware/templates/rescues/_request_and_response.erb (3.1ms)
Rendered /Users/davidpereira/.rvm/gems/ree-1.8.7-2011.03@wf/gems/actionpack-3.0.3/lib/action_dispatch/middleware/templates/rescues/template_error.erb within rescues/layout (7.0ms)


Started GET "/facebook/login" for 127.0.0.1 at Fri Feb 17 11:24:39 +0000 2012
  Processing by FacebookController#login as HTML
Rendered facebook/login.html.haml within layouts/application (0.4ms)
Completed   in 4ms

ActionView::Template::Error (Illegal nesting: content can't be both given on the same line as %p and nested within it.):
    1: %h2 Please Login
    2: %p Please log into Facebook in order to get started!
    3:  %facebook_login_button 
  app/views/facebook/login.html.haml:3

Rendered /Users/davidpereira/.rvm/gems/ree-1.8.7-2011.03@wf/gems/actionpack-3.0.3/lib/action_dispatch/middleware/templates/rescues/_trace.erb (0.8ms)
Rendered /Users/davidpereira/.rvm/gems/ree-1.8.7-2011.03@wf/gems/actionpack-3.0.3/lib/action_dispatch/middleware/templates/rescues/_request_and_response.erb (3.2ms)
Rendered /Users/davidpereira/.rvm/gems/ree-1.8.7-2011.03@wf/gems/actionpack-3.0.3/lib/action_dispatch/middleware/templates/rescues/template_error.erb within rescues/layout (7.3ms)


Started GET "/facebook/login" for 127.0.0.1 at Fri Feb 17 11:24:47 +0000 2012
  Processing by FacebookController#login as HTML
Rendered facebook/login.html.haml within layouts/application (4.5ms)
Completed 200 OK in 8ms (Views: 8.1ms)


Started GET "/facebook/login" for 127.0.0.1 at Fri Feb 17 11:26:39 +0000 2012
  Processing by FacebookController#login as HTML
Rendered facebook/login.html.haml within layouts/application (1.3ms)
Completed   in 5ms

ActionView::Template::Error (Inconsistent indentation: 2 tabs were used for indentation, but the rest of the document was indented using 2 spaces.):
    8: 
    9:   %body
    10:     #header
    11: 		%p
    12:       = facebook_login_button('large')
    13:       %h1 WildFire Programming Challenge
    14:     #content
  app/views/layouts/application.html.haml:11

Rendered /Users/davidpereira/.rvm/gems/ree-1.8.7-2011.03@wf/gems/actionpack-3.0.3/lib/action_dispatch/middleware/templates/rescues/_trace.erb (0.7ms)
Rendered /Users/davidpereira/.rvm/gems/ree-1.8.7-2011.03@wf/gems/actionpack-3.0.3/lib/action_dispatch/middleware/templates/rescues/_request_and_response.erb (3.2ms)
Rendered /Users/davidpereira/.rvm/gems/ree-1.8.7-2011.03@wf/gems/actionpack-3.0.3/lib/action_dispatch/middleware/templates/rescues/template_error.erb within rescues/layout (7.1ms)


Started GET "/facebook/login" for 127.0.0.1 at Fri Feb 17 11:26:50 +0000 2012
  Processing by FacebookController#login as HTML
Rendered facebook/login.html.haml within layouts/application (1.4ms)
Completed   in 5ms

ActionView::Template::Error (The line was indented 3 levels deeper than the previous line.):
    9:   %body
    10:     #header
    11: %p
    12:       = facebook_login_button('large')
    13:       %h1 WildFire Programming Challenge
    14:     #content
    15:       #fb-root
  app/views/layouts/application.html.haml:12

Rendered /Users/davidpereira/.rvm/gems/ree-1.8.7-2011.03@wf/gems/actionpack-3.0.3/lib/action_dispatch/middleware/templates/rescues/_trace.erb (0.7ms)
Rendered /Users/davidpereira/.rvm/gems/ree-1.8.7-2011.03@wf/gems/actionpack-3.0.3/lib/action_dispatch/middleware/templates/rescues/_request_and_response.erb (3.2ms)
Rendered /Users/davidpereira/.rvm/gems/ree-1.8.7-2011.03@wf/gems/actionpack-3.0.3/lib/action_dispatch/middleware/templates/rescues/template_error.erb within rescues/layout (7.5ms)


Started GET "/facebook/login" for 127.0.0.1 at Fri Feb 17 11:26:59 +0000 2012
  Processing by FacebookController#login as HTML
Rendered facebook/login.html.haml within layouts/application (1.6ms)
Completed   in 6ms

ActionView::Template::Error (The line was indented 2 levels deeper than the previous line.):
    9:   %body
    10:     #header
    11:   %p
    12:       = facebook_login_button('large')
    13:       %h1 WildFire Programming Challenge
    14:     #content
    15:       #fb-root
  app/views/layouts/application.html.haml:12

Rendered /Users/davidpereira/.rvm/gems/ree-1.8.7-2011.03@wf/gems/actionpack-3.0.3/lib/action_dispatch/middleware/templates/rescues/_trace.erb (0.8ms)
Rendered /Users/davidpereira/.rvm/gems/ree-1.8.7-2011.03@wf/gems/actionpack-3.0.3/lib/action_dispatch/middleware/templates/rescues/_request_and_response.erb (3.5ms)
Rendered /Users/davidpereira/.rvm/gems/ree-1.8.7-2011.03@wf/gems/actionpack-3.0.3/lib/action_dispatch/middleware/templates/rescues/template_error.erb within rescues/layout (7.9ms)


Started GET "/facebook/login" for 127.0.0.1 at Fri Feb 17 11:27:04 +0000 2012
  Processing by FacebookController#login as HTML
Rendered facebook/login.html.haml within layouts/application (60.3ms)
Completed 200 OK in 64ms (Views: 64.1ms)


Started GET "/facebook/login" for 127.0.0.1 at Fri Feb 17 11:27:37 +0000 2012
  Processing by FacebookController#login as HTML
Rendered facebook/login.html.haml within layouts/application (4.6ms)
Completed 200 OK in 8ms (Views: 8.1ms)


Started GET "/facebook/login" for 127.0.0.1 at Fri Feb 17 11:41:23 +0000 2012
  Processing by FacebookController#login as HTML
Rendered facebook/login.html.haml within layouts/application (4.3ms)
Completed 200 OK in 8ms (Views: 7.8ms)


Started GET "/facebook/login" for 127.0.0.1 at Fri Feb 17 11:41:28 +0000 2012
  Processing by FacebookController#login as HTML
Rendered facebook/login.html.haml within layouts/application (4.3ms)
Completed 200 OK in 8ms (Views: 7.8ms)


Started GET "/facebook/login" for 127.0.0.1 at Fri Feb 17 11:41:39 +0000 2012
  Processing by FacebookController#login as HTML
Rendered facebook/login.html.haml within layouts/application (4.6ms)
Completed 200 OK in 9ms (Views: 8.7ms)


Started GET "/facebook/login" for 127.0.0.1 at Fri Feb 17 12:13:25 +0000 2012
  Processing by FacebookController#login as HTML
Rendered facebook/login.html.haml within layouts/application (4.6ms)
Completed 200 OK in 9ms (Views: 8.4ms)


Started GET "/facebook/login" for 127.0.0.1 at Fri Feb 17 12:13:38 +0000 2012
  Processing by FacebookController#login as HTML
Rendered facebook/login.html.haml within layouts/application (4.5ms)
Completed 200 OK in 9ms (Views: 8.9ms)


Started GET "/" for 127.0.0.1 at Fri Feb 17 12:13:48 +0000 2012
  Processing by FacebookController#index as HTML
Redirected to http://localhost:3456/facebook/login
Completed 302 Found in 1ms


Started GET "/facebook/login" for 127.0.0.1 at Fri Feb 17 12:13:48 +0000 2012
  Processing by FacebookController#login as HTML
Rendered facebook/login.html.haml within layouts/application (4.3ms)
Completed 200 OK in 8ms (Views: 7.9ms)


Started GET "/" for 127.0.0.1 at Fri Feb 17 12:13:56 +0000 2012
  Processing by FacebookController#index as HTML
Redirected to http://localhost:3456/facebook/login
Completed 302 Found in 1ms


Started GET "/facebook/login" for 127.0.0.1 at Fri Feb 17 12:13:56 +0000 2012
  Processing by FacebookController#login as HTML
Rendered facebook/login.html.haml within layouts/application (4.4ms)
Completed 200 OK in 8ms (Views: 7.8ms)


Started GET "/" for 127.0.0.1 at Fri Feb 17 12:16:42 +0000 2012
  Processing by FacebookController#index as HTML
Redirected to http://localhost:3456/facebook/login
Completed 302 Found in 1ms


Started GET "/facebook/login" for 127.0.0.1 at Fri Feb 17 12:16:42 +0000 2012
  Processing by FacebookController#login as HTML
Rendered facebook/login.html.haml within layouts/application (4.5ms)
Completed 200 OK in 8ms (Views: 8.0ms)


Started GET "/facebook/login" for 127.0.0.1 at Fri Feb 17 12:19:01 +0000 2012
  Processing by FacebookController#login as HTML
Rendered facebook/login.html.haml within layouts/application (4.4ms)
Completed 200 OK in 8ms (Views: 8.0ms)


Started GET "/" for 127.0.0.1 at Fri Feb 17 12:19:12 +0000 2012
  Processing by FacebookController#index as HTML
Redirected to http://localhost:3456/facebook/login
Completed 302 Found in 1ms


Started GET "/facebook/login" for 127.0.0.1 at Fri Feb 17 12:19:12 +0000 2012
  Processing by FacebookController#login as HTML
Rendered facebook/login.html.haml within layouts/application (4.4ms)
Completed 200 OK in 8ms (Views: 7.7ms)


Started GET "/facebook/login" for 127.0.0.1 at Fri Feb 17 12:23:08 +0000 2012
  Processing by FacebookController#login as HTML
Rendered facebook/login.html.haml within layouts/application (4.7ms)
Completed 200 OK in 9ms (Views: 8.6ms)


Started GET "/facebook/login" for 127.0.0.1 at Fri Feb 17 12:26:55 +0000 2012
  Processing by FacebookController#login as HTML
Rendered facebook/login.html.haml within layouts/application (4.7ms)
Completed 200 OK in 9ms (Views: 8.4ms)


Started GET "/" for 127.0.0.1 at Fri Feb 17 12:27:04 +0000 2012
  Processing by FacebookController#index as HTML
Redirected to http://localhost:3456/facebook/login
Completed 302 Found in 1ms


Started GET "/facebook/login" for 127.0.0.1 at Fri Feb 17 12:27:04 +0000 2012
  Processing by FacebookController#login as HTML
Rendered facebook/login.html.haml within layouts/application (4.4ms)
Completed 200 OK in 8ms (Views: 7.9ms)


Started GET "/" for 127.0.0.1 at Fri Feb 17 17:48:37 +0000 2012
  Processing by FacebookController#index as HTML
Redirected to http://localhost:3000/facebook/login
Completed 302 Found in 1ms


Started GET "/facebook/login" for 127.0.0.1 at Fri Feb 17 17:48:37 +0000 2012
  Processing by FacebookController#login as HTML
Rendered facebook/login.html.haml within layouts/application (4.8ms)
Completed 200 OK in 9ms (Views: 8.9ms)


Started GET "/facebook/login" for 127.0.0.1 at Fri Feb 17 17:52:07 +0000 2012
  Processing by FacebookController#login as HTML
Rendered facebook/login.html.haml within layouts/application (6.2ms)
Completed 200 OK in 10ms (Views: 9.4ms)


Started GET "/facebook/login" for 127.0.0.1 at Fri Feb 17 17:52:58 +0000 2012
  Processing by FacebookController#login as HTML
Rendered facebook/login.html.haml within layouts/application (1.8ms)
Completed   in 5ms

ActionView::Template::Error (undefined method `delete' for 1:Fixnum):
    4: 
    5: - @friends.each do |friend|
    6:   %a{:class => "friend", :href=>"#"}= friend['name']
    7:   = friend_select
  app/helpers/facebook_helper.rb:17:in `friend_select'
  app/views/facebook/login.html.haml:7:in `_app_views_facebook_login_html_haml__1502670738_2180345340_0'
  app/views/facebook/login.html.haml:5:in `each'
  app/views/facebook/login.html.haml:5:in `_app_views_facebook_login_html_haml__1502670738_2180345340_0'

Rendered /Users/davidpereira/.rvm/gems/ree-1.8.7-2011.03@wf/gems/actionpack-3.0.3/lib/action_dispatch/middleware/templates/rescues/_trace.erb (0.8ms)
Rendered /Users/davidpereira/.rvm/gems/ree-1.8.7-2011.03@wf/gems/actionpack-3.0.3/lib/action_dispatch/middleware/templates/rescues/_request_and_response.erb (3.1ms)
Rendered /Users/davidpereira/.rvm/gems/ree-1.8.7-2011.03@wf/gems/actionpack-3.0.3/lib/action_dispatch/middleware/templates/rescues/template_error.erb within rescues/layout (7.3ms)


Started GET "/facebook/login" for 127.0.0.1 at Fri Feb 17 17:56:57 +0000 2012
  Processing by FacebookController#login as HTML
Rendered facebook/login.html.haml within layouts/application (5.5ms)
Completed 200 OK in 9ms (Views: 8.6ms)


Started GET "/facebook/login" for 127.0.0.1 at Fri Feb 17 17:57:25 +0000 2012
  Processing by FacebookController#login as HTML
Rendered facebook/login.html.haml within layouts/application (5.6ms)
Completed 200 OK in 9ms (Views: 9.0ms)


Started GET "/facebook/login" for 127.0.0.1 at Fri Feb 17 18:00:59 +0000 2012
  Processing by FacebookController#login as HTML
Rendered facebook/login.html.haml within layouts/application (4.9ms)
Completed 200 OK in 8ms (Views: 7.8ms)


Started GET "/facebook/login" for 127.0.0.1 at Fri Feb 17 18:01:04 +0000 2012
  Processing by FacebookController#login as HTML
Rendered facebook/login.html.haml within layouts/application (5.6ms)
Completed 200 OK in 9ms (Views: 9.0ms)


Started GET "/facebook/login" for 127.0.0.1 at Fri Feb 17 18:19:48 +0000 2012
  Processing by FacebookController#login as HTML
Rendered facebook/login.html.haml within layouts/application (58.1ms)
Completed 200 OK in 62ms (Views: 61.4ms)


Started GET "/facebook/login" for 127.0.0.1 at Fri Feb 17 18:20:29 +0000 2012
  Processing by FacebookController#login as HTML
Rendered facebook/login.html.haml within layouts/application (0.4ms)
Completed   in 4ms

ActionView::Template::Error (Illegal nesting: content can't be both given on the same line as %p and nested within it.):
    1: %h2 Please Login
    2: %p Please log into Facebook in order to get started!
    3:   = friend_select
  app/views/facebook/login.html.haml:3

Rendered /Users/davidpereira/.rvm/gems/ree-1.8.7-2011.03@wf/gems/actionpack-3.0.3/lib/action_dispatch/middleware/templates/rescues/_trace.erb (0.7ms)
Rendered /Users/davidpereira/.rvm/gems/ree-1.8.7-2011.03@wf/gems/actionpack-3.0.3/lib/action_dispatch/middleware/templates/rescues/_request_and_response.erb (3.1ms)
Rendered /Users/davidpereira/.rvm/gems/ree-1.8.7-2011.03@wf/gems/actionpack-3.0.3/lib/action_dispatch/middleware/templates/rescues/template_error.erb within rescues/layout (7.0ms)


Started GET "/facebook/login" for 127.0.0.1 at Fri Feb 17 18:20:40 +0000 2012
  Processing by FacebookController#login as HTML
Rendered facebook/login.html.haml within layouts/application (0.4ms)
Completed   in 4ms

ActionView::Template::Error (Illegal nesting: content can't be both given on the same line as %p and nested within it.):
    1: %h2 Please Login
    2: %p Please log into Facebook in order to get started!
    3:   = friend_select
  app/views/facebook/login.html.haml:3

Rendered /Users/davidpereira/.rvm/gems/ree-1.8.7-2011.03@wf/gems/actionpack-3.0.3/lib/action_dispatch/middleware/templates/rescues/_trace.erb (0.7ms)
Rendered /Users/davidpereira/.rvm/gems/ree-1.8.7-2011.03@wf/gems/actionpack-3.0.3/lib/action_dispatch/middleware/templates/rescues/_request_and_response.erb (2.9ms)
Rendered /Users/davidpereira/.rvm/gems/ree-1.8.7-2011.03@wf/gems/actionpack-3.0.3/lib/action_dispatch/middleware/templates/rescues/template_error.erb within rescues/layout (6.8ms)


Started GET "/facebook/login" for 127.0.0.1 at Fri Feb 17 18:20:56 +0000 2012
  Processing by FacebookController#login as HTML
Rendered facebook/login.html.haml within layouts/application (4.8ms)
Completed 200 OK in 8ms (Views: 8.1ms)


Started GET "/facebook/login" for 127.0.0.1 at Fri Feb 17 18:21:13 +0000 2012
  Processing by FacebookController#login as HTML
Rendered facebook/login.html.haml within layouts/application (4.7ms)
Completed 200 OK in 8ms (Views: 7.9ms)
